9990.01 -0.2615610902628114 0.9651869156726759
9990.02 -0.2518963040250412 0.9677542240381666
9990.03 -0.24220632836678577 0.9702247577877287
9990.04 -0.23249213227753573 0.972598269870046
9990.050000000001 -0.22275468716880475 0.9748745229358885
9990.06 -0.21299496677698904 0.9770532893618463
9990.07 -0.20321394706599452 0.9791343512730926
9990.08 -0.1934126061296413 0.9811175005651703
9990.09 -0.18359192409385514 0.983002538924803
9990.1 -0.17375288301865555 0.9847892778497257
9990.11 -0.1638964667999507 0.9864775386675348
9990.12 -0.15402366107114868 0.9880671525535555
9990.130000000001 -0.14413545310459486 0.9895579605477237
9990.14 -0.13423283171284559 0.9909498135704826
9990.15 -0.12431678714978772 0.9922425724376897
9990.16 -0.11438831101161408 0.9934361078745355
9990.17 -0.10444839613766459 0.9945303005284711
9990.18 -0.09449803651114325 0.9955250409811429
9990.19 -0.0845382271597206 0.9964202297593346
9990.2 -0.07456996405603183 0.9972157773449144
9990.210000000001 -0.06459424401808027 0.9979116041837867
9990.22 -0.05461206460955646 0.9985076406938475
9990.23 -0.044624424040082655 0.9990038272719424
9990.24 -0.034632321065392616 0.9994001142998272
9990.25 -0.024636754887456924 0.9996964621491293
9990.26 -0.014638725054563597 0.9998928411853109
9990.27 -0.004639231361364095 0.9999892317706317
9990.28 0.005360726251105316 0.9999856242661138
9990.29 0.015360147795416824 0.9998820190325045
9990.300000000001 0.025358033337748987 0.9996784264302409
9990.31 0.03535338309787928 0.9993748668184134
9990.32 0.0453451975491613 0.9989713705527303
9990.33 0.05533247751847655 0.9984679779824821
9990.34 0.06531422428615098 0.9978647394465061
9990.35 0.07528943968582609 0.9971617152681533
9990.36 0.08525712620427472 0.9963589757492557
9990.37 0.09521628708115158 0.9954566011630961
9990.380000000001 0.10516592640866841 0.9944546817463812
9990.39 0.11510504923118396 0.9933533176902177
9990.4 0.12503266164469873 0.9921526191300934
9990.41 0.13494777089624452 0.9908527061348639
9990.42 0.1448493854831589 0.9894537086947451
9990.43 0.15473651525223464 0.9879557667083154
9990.44 0.16460817149873427 0.9863590299685251
9990.45 0.17446336706525967 0.9846636581477175
9990.460000000001 0.18430111644046696 0.9828698207816619
9990.47 0.19412043585761687 0.9809776972526
9990.48 0.20392034339295062 0.9789874767713078
9990.49 0.2136998590638814 0.9768993583581751
9990.5 0.22345800492699183 0.9747135508233029
9990.51 0.23319380517582755 0.9724302727456233
9990.52 0.24290628623847696 0.9700497524510412
9990.53 0.25259447687492764 0.9675722279896023
9990.54 0.26225740827418964 0.9649979471116881
9990.550000000001 0.27189411415117554 0.9623271672432411
9990.56 0.2815036308433284 0.9595601554600225
9990.57 0.29108499740698707 0.9566971884609048
9990.58 0.30063725571347977 0.9537385525402019
9990.59 0.3101594505449362 0.9506845435590404
9990.6 0.31965062968980856 0.9475354669157734
9990.61 0.32910984403809174 0.9442916375154409
9990.62 0.33853614767623375 0.9409533797382797
9990.630000000001 0.34792859798172615 0.9375210274072857
9990.64 0.3572862557173656 0.9339949237548315
9990.65 0.3666081851251767 0.930375421388344
9990.66 0.37589345401998703 0.9266628822550433
9990.67 0.38514113388264504 0.9228576776057492
9990.68 0.3943502999528709 0.9189601879577555
9990.69 0.40352003132173214 0.9149708030567789
9990.7 0.41264941102373337 0.9108899218379851
9990.710000000001 0.42173752612851234 0.9067179523860952
9990.72 0.4307834678321321 0.9024553118945776
9990.73 0.43978633154796076 0.8981024266239293
9990.74 0.4487452169971292 0.8936597318590497
9990.75 0.4576592282985584 0.8891276718657132
9990.76 0.4665274740585466 0.8845066998461423
9990.77 0.47534906745990824 0.879797277893688
9990.78 0.4841231263506546 0.874999876946621
9990.79 0.4928487733322084 0.8701149767410381
9990.800000000001 0.501525135847143 0.8651430657628891
9990.81 0.5101513462664373 0.8600846411991285
9990.82 0.5187265419762381 0.8549402088879972
9990.83 0.5272498654641206 0.8497102832684391
9990.84 0.5357204644048387 0.844395387328658
9990.85 0.5441374917455574 0.8389960525538187
9990.86 0.5525001057905568 0.8335128188728991
9990.87 0.5608074702854015 0.8279462346046979
9990.880000000001 0.5690587545005649 0.8222968564030029
9990.89 0.5772531333145016 0.8165652492009265
9990.9 0.5853897872961591 0.8107519861544126
9990.91 0.5934679027869197 0.8048576485849211
9990.92 0.6014866719819665 0.7988828259212972
9990.93 0.6094452930110621 0.792828115640828
9990.94 0.6173429700187361 0.7866941232094959
9990.95 0.6251789132438691 0.7804814620214323
9990.960000000001 0.6329523390986688 0.7741907533375787
9990.97 0.6406624702470275 0.7678226262235611
9990.98 0.6483085356822558 0.7613777174867842
9990.99 0.6558897708041818 0.7548566716127506
9991.0 0.6634054174956112 0.7482601407006135
9991.01 0.6708547241981381 0.741588784397967
9991.02 0.6782369459872999 0.7348432698348818
9991.03 0.6855513446470698 0.7280242715571927
9991.04 0.6927971887436771 0.721132471459045
9991.050000000001 0.6999737536987507 0.7141685587147053
9991.06 0.7070803218617754 0.7071332297096445
9991.07 0.7141161825818573 0.7000271879709005
9991.08 0.7210806322787876 0.6928511440967251
9991.09 0.7279729745134005 0.6856058156855257
9991.1 0.7347925200572162 0.6782919272641056
9991.11 0.7415385869613634 0.6709102102152119
9991.12 0.7482105006247736 0.6634614027043979
9991.130000000001 0.7548075938616402 0.6559462496062073
9991.14 0.7613292069681374 0.6483655024296872
9991.15 0.7677746877883893 0.6407199192432378
9991.16 0.7741433917796852 0.6330102645988064
9991.17 0.7804346820769332 0.6252373094554325
9991.18 0.7866479295563465 0.617401831102153
9991.19 0.792782512898355 0.6095046130802734
9991.2 0.7988378186497367 0.6015464451050149
9991.210000000001 0.8048132412849626 0.593528122986543
9991.22 0.8107081832667488 0.5854504485503876
9991.23 0.8165220551058097 0.5773142295572609
9991.24 0.8222542754198062 0.5691202796222817
9991.25 0.8279042709914841 0.5608694181336152
9991.26 0.8334714768259944 0.5525624701705345
9991.27 0.8389553362073933 0.5442002664209132
9991.28 0.8443553007543123 0.5357836430981577
9991.29 0.8496708304747971 0.5273134418575863
9991.300000000001 0.8549013938203051 0.5187905097122645
9991.31 0.8600464677388606 0.5102156989483042
9991.32 0.8651055377273595 0.501589867039636
9991.33 0.870078097883019 0.49291387656226254
9991.34 0.8749636509539673 0.48418859510800133
9991.35 0.8797617083889686 0.4754148951977267
9991.36 0.884471790386278 0.466593654194118
9991.37 0.8890934259416208 0.45772575421392464
9991.380000000001 0.8936261528952928 0.4488120820397545
9991.39 0.8980695179783761 0.43985352903139674
9991.4 0.9024230768580652 0.4308509910366867
9991.41 0.9066863941821003 0.4218053683019216
9991.42 0.9108590436223016 0.4127175653818368
9991.43 0.9149406079172026 0.40358849104915095
9991.44 0.918930678913775 0.39441905820368967
9991.45 0.9228288576082443 0.38521018378109617
9991.460000000001 0.9266347541859896 0.3759627886611385
9991.47 0.9303479880605248 0.3666777975756224
9991.48 0.9339681879115567 0.3573561390159188
9991.49 0.9374949917221171 0.3479987451401155
9991.5 0.9409280468147643 0.3386065516798021
9991.51 0.9442670098868496 0.32918049784649767
9991.52 0.9475115470448485 0.31972152623773037
9991.53 0.950661333837749 0.3102305827427785
9991.54 0.9537160552894967 0.3007086164480822
9991.550000000001 0.9566754059304919 0.291156579542336
9991.56 0.959539089828137 0.28157542722127016
9991.57 0.9623068206164284 0.27196611759213246
9991.58 0.9649783215245937 0.2623296115778779
9991.59 0.9675533254047687 0.2526668728210773
9991.6 0.9700315747587109 0.242978867587554
9991.61 0.9724128217635505 0.23326656466975781
9991.62 0.9746968282965711 0.22353093528988685
9991.630000000001 0.9768833659590229 0.21377295300276591
9991.64 0.9789722160989619 0.20399359359849195
9991.65 0.9809631698331147 0.19419383500485576
9991.66 0.9828560280677671 0.18437465718955012
9991.67 0.984650601518673 0.17453704206217377
9991.68 0.9863467107299829 0.1646819733760413
9991.69 0.987944186092189 0.1548104366298086
9991.7 0.9894428678590865 0.1449234189689239
9991.710000000001 0.9908426061637475 0.135021909086914
9991.72 0.992143261033508 0.12510689712651568
9991.73 0.993344702403965 0.11517937458066232
9991.74 0.9944468101319827 0.10524033419333545
9991.75 0.9954494740077066 0.09529076986029111
9991.76 0.9963525937655847 0.08533167652967119
9991.77 0.997156079094394 0.07536405010250935
9991.78 0.9978598496462711 0.06538888733314183
9991.79 0.9984638350447472 0.05540718572953277
9991.800000000001 0.998967974891786 0.04541994345352433
9991.81 0.9993722187738228 0.03542815922102125
9991.82 0.9996765262668061 0.02543283220212017
9991.83 0.9998808669402405 0.015434961921193396
9991.84 0.9999852203602287 0.0054355481569373235
9991.85 0.999989576091516 -0.004564409157604606
9991.86 0.9998939336985325 -0.014563910035034372
9991.87 0.999698302745438 -0.024561954533597292
9991.880000000001 0.9994027027951649 -0.03455754285717535
9991.89 0.9990071634074617 -0.04454967545526598
9991.9 0.9985117241359375 -0.0545373531229363
9991.91 0.9979164345241067 -0.06451957710074273
9991.92 0.9972213541004344 -0.07449534917460617
9991.93 0.9964265523723838 -0.08446367177563249
9991.94 0.9955321088194652 -0.09442354807986868
9991.95 0.9945381128852886 -0.10437398210798435
9991.960000000001 0.9934446639686191 -0.11431397882486885
9991.97 0.9922518714134371 -0.12424254423913396
9991.98 0.9909598544980041 -0.1341586855025122
9991.99 0.9895687424229349 -0.14406141100914083
9992.0 0.9880786742982778 -0.15394973049472158
9992.01 0.9864897991296036 -0.16382265513554628
9992.02 0.9848022758031049 -0.17367919764737846
9992.03 0.9830162730697082 -0.18351837238418084
9992.04 0.9811319695281984 -0.19333919543667918
9992.050000000001 0.9791495536073594 -0.20314068473075242
9992.06 0.9770692235471313 -0.21292186012563916
9992.07 0.9748911873787864 -0.22268174351195102
9992.08 0.9726156629041266 -0.2324193589094828
9992.09 0.9702428776737029 -0.2421337325648095
9992.1 0.967773068964061 -0.25182389304866104
9992.11 0.9652064837540139 -0.26148887135306437
9992.12 0.9625433786999434 -0.27112770098824324
9992.130000000001 0.959784020110136 -0.28073941807926667
9992.14 0.9569286839181508 -0.29032306146243547
9992.15 0.9539776556552277 -0.2998776727813978
9992.16 0.9509312304217338 -0.3094022965829841
9992.17 0.9477897128576537 -0.3188959804127515
9992.18 0.9445534171121257 -0.3283577749102286
9992.19 0.9412226668120276 -0.33778673390385056
9992.2 0.9377977950296136 -0.3471819145055756
9992.210000000001 0.9342791442492079 -0.3565423772051731
9992.22 0.9306670663329561 -0.36586718596417356
9992.23 0.92696192248564 -0.37515540830947186
9992.24 0.9231640832185566 -0.38440611542657377
9992.25 0.9192739283124676 -0.3936183822524767
9992.26 0.9152918467796217 -0.402791287568175
9992.27 0.9112182368248538 -0.4119239140907814
9992.28 0.9070535058057647 -0.4210153485652542
9992.29 0.9027980701919857 -0.43006468185572233
9992.300000000001 0.8984523555235316 -0.439071009036398
9992.31 0.8940167963682482 -0.4480334294820685
9992.32 0.8894918362783543 -0.4569510469581581
9992.33 0.8848779277460882 -0.4658229697103506
9992.34 0.8801755321584581 -0.4746483105537642
9992.35 0.8753851197511041 -0.4834261869616692
9992.36 0.8705071695612748 -0.4921557211537398
9992.37 0.8655421693799242 -0.5008360401838314
9992.380000000001 0.8604906157029328 -0.5094662760272749
9992.39 0.8553530136814587 -0.5180455656676779
9992.4 0.8501298770714225 -0.5265730511832258
9992.41 0.8448217281821326 -0.5350478798324735
9992.42 0.8394290978240545 -0.5434692041396184
9992.43 0.8339525252557299 -0.5518361819792479
9992.44 0.8283925581298519 -0.5601479766605504
9992.45 0.8227497524384996 -0.5684037570109846
9992.460000000001 0.8170246724575397 -0.5766026974593952
9992.47 0.8112178906901995 -0.58474397811857
9992.48 0.8053299878098164 -0.5928267848672276
9992.49 0.7993615526017719 -0.6008503094314289
9992.5 0.7933131819046131 -0.6088137494654039
9992.51 0.7871854805503692 -0.6167163086317855
9992.52 0.7809790613040692 -0.6245571966812427
9992.53 0.7746945448024657 -0.6323356295315046
9992.54 0.7683325594919715 -0.6400508293457684
9992.550000000001 0.761893741565816 -0.6477020246104821
9992.56 0.7553787349004261 -0.6552884502124953
9992.57 0.7487881909910389 -0.66280934751557
9992.58 0.7421227688865533 -0.6702639644362434
9992.59 0.7353831351236251 -0.6776515555190356
9992.6 0.7285699636600141 -0.6849713820109948
9992.61 0.721683935807189 -0.6922227119355719
9992.62 0.7147257401621966 -0.6994048201658172
9992.630000000001 0.7076960725388027 -0.7065169884968928
9992.64 0.7005956358979116 -0.7135585057178927
9992.65 0.6934251402772703 -0.7205286676829626
9992.66 0.6861853027204653 -0.7274267773817148
9992.67 0.6788768472052189 -0.7342521450089278
9992.68 0.6715005045709922 -0.7410040880335267
9992.69 0.6640570124459017 -0.7476819312668359
9992.7 0.6565471151729566 -0.754285006930097
9992.710000000001 0.6489715637356261 -0.7608126547212464
9992.72 0.6413311156827408 -0.7672642218809446
9992.73 0.6336265350527388 -0.773639063257852
9992.74 0.6258585922972626 -0.7799365413731436
9992.75 0.6180280642041143 -0.7861560264842558
9992.76 0.6101357338195776 -0.7922968966478603
9992.77 0.602182390370114 -0.7983585377820585
9992.78 0.5941688291834405 -0.8043403437277882
9992.79 0.5860958516089977 -0.8102417163094398
9992.800000000001 0.5779642649378155 -0.8160620653946731
9992.81 0.5697748823217845 -0.8218008089534299
9992.82 0.5615285226923419 -0.8274573731161367
9992.83 0.5532260106785784 -0.833031192231091
9992.84 0.5448681765247764 -0.8385217089210265
9992.85 0.5364558560073864 -0.8439283741388495
9992.86 0.5279898903514498 -0.8492506472225438
9992.87 0.5194711261464772 -0.8544879959492366
9992.880000000001 0.5109004152617898 -0.8596398965884195
9992.89 0.5022786147613337 -0.8647058339543221
9992.9 0.4936065868179742 -0.8696853014574294
9992.91 0.4848851986272787 -0.8745778011551407
9992.92 0.4761153223207983 -0.8793828438015634
9992.93 0.4672978348788553 -0.8840999488964371
9992.94 0.4584336180428459 -0.8887286447331832
9992.95 0.4495235582270667 -0.8932684684460757
9992.960000000001 0.44056854643007415 -0.8977189660565261
9992.97 0.4315694781455853 -0.9020796925184825
9992.98 0.4225272532729292 -0.9063502117629326
9992.99 0.4134427760270579 -0.9105300967415109
9993.0 0.4043169548481254 -0.9146189294692025
9993.01 0.39515070231064464 -0.9186163010661424
9993.02 0.38594493503223065 -0.922521811798502
9993.03 0.3767005735819397 -0.9263350711184627
9993.04 0.3674185423882131 -0.9300556977032702
9993.050000000001 0.358099769646435 -0.9336833194933667
9993.06 0.3487451872261138 -0.9372175737295961
9993.07 0.33935573057769597 -0.9406581069894803
9993.08 0.32993233863902166 -0.9440045752225602
9993.09 0.3204759537414318 -0.9472566437848015
9993.1 0.31098752151553566 -0.9504139874720579
9993.11 0.3014679907966487 -0.9534762905525919
9993.12 0.2919183135299097 -0.9564432467986473
9993.130000000001 0.28233944467508715 -0.9593145595170722
9993.14 0.27273234211108405 -0.9620899415789875
9993.15 0.26309796654015066 -0.9647691154484999
9993.16 0.25343728139181537 -0.9673518132104549
9993.17 0.2437512527265423 -0.9698377765972289
9993.18 0.23404084913912615 -0.9722267570145547
9993.19 0.22430704166183352 -0.9745185155663816
9993.2 0.21455080366730048 -0.9767128230787641
9993.210000000001 0.20477311077119614 -0.9788094601227795
9993.22 0.19497494073466193 -0.9808082170364708
9993.23 0.18515727336653623 -0.9827088939458123
9993.24 0.1753210904253743 -0.9845113007846968
9993.25 0.16546737552127333 -0.9862152573139427
9993.26 0.15559711401751214 -0.9878205931393168
9993.27 0.14571129293201576 -0.9893271477285746
9993.28 0.1358109008386544 -0.9907347704275125
9993.29 0.12589692776838696 -0.9920433204750336
9993.300000000001 0.11597036511025867 -0.9932526670172238
9993.31 0.10603220551226307 -0.9943626891204367
9993.32 0.09608344278207803 -0.9953732757833869
9993.33 0.08612507178768579 -0.9962843259482502
9993.34 0.07615808835788701 -0.9970957485107695
9993.35 0.06618348918271871 -0.9978074623293647
9993.36 0.056202271713786105 -0.9984193962332469
9993.37 0.046215434064518265 -0.9989314890295359
9993.380000000001 0.036223974910357615 -0.9993436895093787
9993.39 0.02622889338889322 -0.9996559564530708
9993.4 0.016231188999947847 -0.9998682586341782
9993.41 0.006231861505628837 -0.9999805748226596
9993.42 -0.0037680891696472937 -0.9999928937869897
9993.43 -0.013767663039146448 -0.9999052142952825
9993.44 -0.02376586015381479 -0.9997175451154139
9993.45 -0.033761680702272825 -0.9994299050141456
9993.460000000001 -0.0437541251107957 -0.9990423227552481
9993.47 -0.05374219414326973 -0.9985548370966242
9993.48 -0.06372488900111521 -0.9979674967864335
9993.49 -0.0737012114231654 -0.9972803605582177
9993.5 -0.08367016378549183 -0.9964934971250268
9993.51 -0.09363074920116587 -0.9956069851725485
9993.52 -0.10358197161994659 -0.9946209133512394
9993.53 -0.11352283592788491 -0.9935353802674597
9993.54 -0.12345234804683425 -0.9923504944736132
9993.550000000001 -0.13336951503385744 -0.991066374457292
9993.56 -0.14327334518052023 -0.9896831486294273
9993.57 -0.15316284811206127 -0.9882009553114495
9993.58 -0.1630370348864288 -0.986619942721455
9993.59 -0.172894918093174 -0.9849402689593855
9993.6 -0.18273551195219126 -0.9831621019912172
9993.61 -0.1925578324122953 -0.9812856196321653
9993.62 -0.2023608972496255 -0.9793110095289018
9993.630000000001 -0.2121437261658675 -0.9772384691407916
9993.64 -0.22190534088628214 -0.9750682057201463
9993.65 -0.23164476525753222 -0.9728004362914994
9993.66 -0.24136102534529694 -0.9704353876299039
9993.67 -0.2510531495316645 -0.967973296238255
9993.68 -0.26072016861229325 -0.9654144083236402
9993.69 -0.27036111589333106 -0.9627589797727185
9993.7 -0.2799750272880841 -0.9600072761261321
9993.710000000001 -0.2895609414134246 -0.9571595725519526
9993.72 -0.2991178996859284 -0.9542161538181642
9993.73 -0.30864494641773255 -0.9511773142641873
9993.74 -0.3181411289121032 -0.948043357771445
9993.75 -0.32760549755870455 -0.9448145977329749
9993.76 -0.337037105928559 -0.9414913570220903
9993.77 -0.34643501086868944 -0.9380739679600927
9993.78 -0.35579827259643354 -0.9345627722830404
9993.79 -0.36512595479342136 -0.9309581211075751
9993.800000000001 -0.3744171246992064 -0.9272603748958106
9993.81 -0.38367085320454086 -0.9234699034192864
9993.82 -0.39288621494428577 -0.9195870857219913
9993.83 -0.4020622883899468 -0.9156123100824595
9993.84 -0.4111981559418262 -0.9115459739749424
9993.85 -0.42029290402078207 -0.9073884840296622
9993.86 -0.4293456231595857 -0.9031402559921488
9993.87 -0.4383554080938672 -0.8988017146816656
9993.880000000001 -0.4473213578526415 -0.8943732939487282
9993.89 -0.4562425758484044 -0.8898554366317195
9993.9 -0.4651181699667908 -0.8852485945126063
9993.91 -0.4739472526557853 -0.8805532282717613
9993.92 -0.4827289410144768 -0.8757698074418958
9993.93 -0.4914623568813475 -0.8708988103611065
9993.94 -0.5001466269220888 -0.8659407241250423
9993.95 -0.5087808827169336 -0.8608960445381949
9993.960000000001 -0.5173642608474976 -0.8557652760643192
9993.97 -0.5258959029831209 -0.8505489317759867
9993.98 -0.5343749559666997 -0.8452475333032792
9993.99 -0.5428005719000015 -0.8398616107816261
9994.0 -0.5511719082284545 -0.8343917027987914
9994.01 -0.5594881278254021 -0.8288383563410148
9994.02 -0.567748399075815 -0.8232021267383143
9994.03 -0.5759518959594517 -0.8174835776089533
9994.04 -0.5840977981334603 -0.8116832808030792
9994.050000000001 -0.5921852910144118 -0.8058018163455388
9994.06 -0.6002135658597576 -0.7998397723778767
9994.07 -0.6081818198487037 -0.7937977450995212
9994.08 -0.6160892561624913 -0.7876763387081649
9994.09 -0.6239350840640789 -0.7814761653393457
9994.1 -0.6317185189772145 -0.7751978450052337
9994.11 -0.6394387825648933 -0.7688420055326303
9994.12 -0.64709510280719 -0.7624092825001859
9994.130000000001 -0.6546867140784607 -0.7559003191748433
9994.14 -0.6622128572239048 -0.7493157664475109
9994.15 -0.6696727796354797 -0.7426562827679739
9994.16 -0.6770657353271609 -0.7359225340790507
9994.17 -0.6843909850095401 -0.7291151937499988
9994.18 -0.6916477961637536 -0.7222349425091781
9994.19 -0.6988354431147333 -0.715282468375979
9994.2 -0.7059532071037741 -0.7082584665920211
9994.210000000001 -0.7130003763604085 -0.7011636395516293
9994.22 -0.7199762461735837 -0.6939986967315952
9994.23 -0.7268801189621316 -0.6867643546202299
9994.24 -0.7337113043445267 -0.6794613366457158
9994.25 -0.7404691192079236 -0.6720903731037645
9994.26 -0.7471528877764675 -0.6646522010845877
9994.27 -0.7537619416788714 -0.6571475643991884
9994.28 -0.7602956200152527 -0.6495772135049815
9994.29 -0.7667532694232227 -0.6419419054307476
9994.300000000001 -0.7731342441432221 -0.6342424037009312
9994.31 -0.7794379060830962 -0.626479478259289
9994.32 -0.7856636248819043 -0.6186539053918958
9994.33 -0.7918107779729548 -0.6107664676495171
9994.34 -0.7978787506460613 -0.6028179537693541
9994.35 -0.803866936109013 -0.5948091585961709
9994.36 -0.8097747355482541 -0.5867408830028108
9994.37 -0.8156015581887638 -0.5786139338101094
9994.380000000001 -0.8213468213531337 -0.5704291237062135
9994.39 -0.8270099505198355 -0.5621872711653125
9994.4 -0.8325903793806716 -0.5538892003657924
9994.41 -0.8380875498974064 -0.5455357411078178
9994.42 -0.8435009123575693 -0.5371277287303532
9994.43 -0.8488299254294256 -0.5286660040276296
9994.44 -0.8540740562161089 -0.5201514131650657
9994.45 -0.8592327803089107 -0.5115848075946522
9994.460000000001 -0.8643055818397208 -0.5029670439698071
9994.47 -0.8692919535326136 -0.4942989840597113
9994.48 -0.874191396754575 -0.48558149466313233
9994.49 -0.8790034215653659 -0.47681544752174515
9994.5 -0.8837275467665153 -0.46800171923295875
9994.51 -0.8883632999494399 -0.4591411911622571
9994.52 -0.8929102175426845 -0.4502347493550634
9994.53 -0.897367844858279 -0.4412832844481362
9994.54 -0.9017357361372067 -0.4322876915805065
9994.550000000001 -0.9060134545939795 -0.42324887030396463
9994.56 -0.9102005724603167 -0.4141677244931058
9994.57 -0.9142966710279209 -0.40504516225494325
9994.58 -0.9183013406903489 -0.39588209583809864
9994.59 -0.9222141809839716 -0.3866794415415776
9994.6 -0.9260348006280205 -0.3774381196231407
9994.61 -0.929762817563715 -0.3681590542072787
9994.62 -0.9333978589924684 -0.35884317319280035
9994.630000000001 -0.936939561413167 -0.34949140816004387
9994.64 -0.9403875706585203 -0.34010469427771917
9994.65 -0.943741541930477 -0.33068397020939216
9994.66 -0.947001139834705 -0.3212301780196189
9994.67 -0.9501660384141303 -0.31174426307974007
9994.68 -0.9532359211815323 -0.30222717397334464
9994.69 -0.9562104811511927 -0.2926798624014122
9994.7 -0.9590894208695931 -0.28310328308714366
9994.710000000001 -0.9618724524451612 -0.2734983936804899
9994.72 -0.9645592975770584 -0.26386615466238733
9994.73 -0.9671496875830107 -0.25420752924871076
9994.74 -0.9696433634261761 -0.24452348329395263
9994.75 -0.9720400757410484 -0.2348149851946382
9994.76 -0.9743395848583936 -0.22508300579248686
9994.77 -0.976541660829216 -0.21532851827732868
9994.78 -0.9786460834477538 -0.20555249808978635
9994.79 -0.9806526422734988 -0.19575592282373178
9994.800000000001 -0.9825611366522405 -0.1859397721285276
9994.81 -0.9843713757361316 -0.17610502761106311
9994.82 -0.9860831785027723 -0.16625267273759428
9994.83 -0.9876963737733123 -0.15638369273539804
9994.84 -0.989210800229569 -0.14649907449425031
9994.85 -0.9906263064301587 -0.1365998064677379
9994.86 -0.9919427508256411 -0.1266868785744139
9994.87 -0.9931600017726737 -0.11676128209880678
9994.880000000001 -0.9942779375471761 -0.1068240095922926
9994.89 -0.9952964463565025 -0.09687605477384081
9994.9 -0.9962154263506208 -0.08691841243064317
9994.91 -0.9970347856322973 -0.07695207831863583
9994.92 -0.9977544422662868 -0.06697804906292457
9994.93 -0.9983743242875256 -0.056997322058123114
9994.94 -0.9988943697083281 -0.04701089536861455
9994.95 -0.9993145265245856 -0.03701976762874567
9994.960000000001 -0.9996347527209667 -0.027024937942964365
9994.97 -0.9998550162751184 -0.01702740578591006
9994.98 -0.999975295160869 -0.007028170902467046
9994.99 -0.9999955773504302 0.0029717667922091687
9995.0 -0.9999158608155999 0.012971407312682537
9995.01 -0.9997361535279652 0.022969750703234183
9995.02 -0.999456473458105 0.03296579713785715
9995.03 -0.9990768485737932 0.042958547020238144
9995.04 -0.998597316837202 0.05294700108371636
9995.050000000001 -0.9980179262011054 0.06293016049120931
9995.06 -0.9973387346040842 0.07290702693509567
9995.07 -0.9965598099647319 0.08287660273704525
9995.08 -0.9956812301748637 0.09283789094778598
9995.09 -0.9947030830917261 0.10278989544679798
9995.1 -0.9936254665292124 0.11273162104192484
9995.11 -0.9924484882480807 0.12266207356889196
9995.12 -0.9911722659451786 0.13258025999072215
9995.130000000001 -0.9897969272416726 0.1424851884970385
9995.14 -0.9883226096702868 0.15237586860324467
9995.15 -0.9867494606615501 0.16225131124957237
9995.16 -0.9850776375290521 0.17211052889998665
9995.17 -0.983307307453713 0.18195253564093863
9995.18 -0.9814386474670649 0.19177634727995604
9995.19 -0.9794718444335493 0.20158098144406159
9995.2 -0.9774070950318305 0.21136545767800954
9995.210000000001 -0.9752446057351281 0.2211287975423304
9995.22 -0.9729845927905695 0.23087002471117393
9995.23 -0.9706272821975659 0.2405881650699411
9995.24 -0.9681729096852122 0.2502822468126946
9995.25 -0.9656217206887142 0.25995130053933874
9995.26 -0.9629739703248456 0.2695943593525585
9995.27 -0.9602299233664361 0.2792104589545086
9995.28 -0.957389854215895 0.2887986377432423
9995.29 -0.9544540468777705 0.2983579369088712
9995.300000000001 -0.9514227949303499 0.3078874005294448
9995.31 -0.9482964014963018 0.3173860756665424
9995.32 -0.9450751792123643 0.3268530124605661
9995.33 -0.9417594501980814 0.3362872642257256
9995.34 -0.9383495460235913 0.3456878875447064
9995.35 -0.93484580767647 0.3550539423630107
9995.36 -0.9312485855276322 0.36438449208296175
9995.37 -0.9275582392962951 0.3736786036573632
9995.380000000001 -0.9237751380140066 0.38293534768280285
9995.39 -0.9198996599877421 0.3921537984925922
9995.4 -0.9159321927620748 0.4013330342493324
9995.41 -0.9118731330804208 0.41047213703709734
9995.42 -0.9077228868453658 0.41957019295322423
9995.43 -0.9034818690780747 0.42862629219970333
9995.44 -0.89915050387679 0.4376395291741569
9995.45 -0.8947292243744221 0.44660900256039854
9995.460000000001 -0.890218472695237 0.4555338154185644
9995.47 -0.8856186999106436 0.4644130752748062
9995.48 -0.880930365994087 0.4732458942105377
9995.49 -0.876153939775052 0.48203138895122616
9995.5 -0.8712898988921799 0.49076868095471887
9995.51 -0.8663387297455057 0.49945689649909675
9995.52 -0.861300927447818 0.5080951667700456
9995.53 -0.8561769957751484 0.516682627947737
9995.54 -0.850967447116394 0.5252184212932096
9995.550000000001 -0.8456728024220794 0.5337016932342421
9995.56 -0.8402935911522618 0.5421315954507098
9995.57 -0.8348303512235853 0.5505072849594161
9995.58 -0.8292836289554901 0.5588279241983902
9995.59 -0.8236539790155807 0.567092681110642
9995.6 -0.8179419643641594 0.5753007292273677
9995.61 -0.8121481561979316 0.5834512477505959
9995.62 -0.8062731338928854 0.5915434216352663
9995.630000000001 -0.8003174849463555 0.5995764416707342
9995.64 -0.7942818049182734 0.6075495045616902
9995.65 -0.788166697371612 0.6154618130084897
9995.66 -0.7819727738120302 0.6233125757868816
9995.67 -0.7757006536267221 0.6311010078271305
9995.68 -0.7693509640224794 0.6388263302925229
9995.69 -0.7629243399629709 0.64648777065725
9995.7 -0.7564214241052472 0.6540845627836601
9995.710000000001 -0.7498428667354747 0.6616159469988713
9995.72 -0.7431893257039083 0.6690811701707383
9995.73 -0.7364614663591063 0.6764794857831651
9995.74 -0.7296599614813966 0.6838101540107557
9995.75 -0.7227854912155989 0.6910724417927965
9995.76 -0.7158387430030111 0.6982656229065611
9995.77 -0.7088204115126653 0.7053889780399327
9995.78 -0.7017311985718618 0.7124417948633343
9995.79 -0.694571813095987 0.7194233681009606
9995.800000000001 -0.6873429710176222 0.7263329996013064
9995.81 -0.6800453952149511 0.7331699984069795
9995.82 -0.6726798154394725 0.739933680823797
9995.83 -0.665246968243026 0.7466233704891536
9995.84 -0.657747596904137 0.7532383984396578
9995.85 -0.6501824513536898 0.7597781031780271
9995.86 -0.642552288099935 0.7662418307392374
9995.87 -0.6348578701528396 0.7726289347559192
9995.880000000001 -0.627099966947786 0.7789387765229935
9995.89 -0.6192793542686298 0.7851707250615418
9995.9 -0.6113968141701215 0.7913241571819039
9995.91 -0.6034531348997021 0.7973984575459954
9995.92 -0.5954491108186789 0.803393018728842
9995.93 -0.5873855423227898 0.809307241279321
9995.94 -0.5792632357621647 0.8151405337801059
9995.95 -0.5710830033606908 0.8208923129068078
9995.960000000001 -0.5628456631347915 0.8265620034863073
9995.97 -0.5545520388116246 0.8321490385542711
9995.98 -0.5462029597467111 0.8376528594118486
9995.99 -0.5377992608409997 0.8430729156815405
9996.0 -0.529341782457378 0.8484086653622367
9996.01 -0.5208313703366361 0.8536595748834156
9996.02 -0.512268875512894 0.8588251191585009
9996.03 -0.5036551542284986 0.8639047816373698
9996.04 -0.4949910678484001 0.8688980543580076
9996.050000000001 -0.4862774827740163 0.8738044379973032
9996.06 -0.4775152703565932 0.8786234419209816
9996.07 -0.46870530681007055 0.8833545842326662
9996.08 -0.45984847312346133 0.8879973918220686
9996.09 -0.4509456549727533 0.8925514004122989
9996.1 -0.4419977426323424 0.897016154606293
9996.11 -0.433005630886006 0.9013912079323524
9996.12 -0.4239702189374252 0.9056761228887904
9996.130000000001 -0.4148924103202652 0.9098704709876821
9996.14 -0.4057731128078227 0.913973832797713
9996.15 -0.39661323832224943 0.9179857979861217
9996.16 -0.38741370284336063 0.9219059653597326
9996.17 -0.37817542631703777 0.9257339429050752
9996.18 -0.36889933256323476 0.9294693478275851
9996.19 -0.3595863491835968 0.9331118065898828
9996.2 -0.35023740746870086 0.9366609549491277
9996.210000000001 -0.34085344230492753 0.9401164379934415
9996.22 -0.33143539208097317 0.9434779101773992
9996.23 -0.32198419859401156 0.9467450353565838
9996.24 -0.31250080695551535 0.9499174868212001
9996.25 -0.3029861654967454 0.9529949473287453
9996.26 -0.29344122567391856 0.9559771091357333
9996.27 -0.2838669419730629 0.9588636740284685
9996.28 -0.2742642718145698 0.9616543533528672
9996.29 -0.26463417545745277 0.9643488680433226
9996.300000000001 -0.25497761590332224 0.9669469486506111
9996.31 -0.2452955588000864 0.9694483353688371
9996.32 -0.2355889723453871 0.9718527780614132
9996.33 -0.22585882718978076 0.974160036286074
9996.34 -0.21610609633967442 0.9763698793189196
9996.35 -0.20633175506002568 0.9784820861774884
9996.36 -0.19653678077681705 0.9804964456428549
9996.37 -0.18672215297931427 0.982412756280751
9996.380000000001 -0.17688885312211808 0.9842308264617099
9996.39 -0.16703786452701963 0.9859504743802286
9996.4 -0.15717017228466917 0.9875715280729485
9996.41 -0.1472867631560677 0.9890938254358509
9996.42 -0.13738862547389177 0.9905172142404683
9996.43 -0.12747674904366102 0.9918415521491065
9996.44 -0.11755212504475844 0.9930667067290782
9996.45 -0.10761574593131326 0.9941925554659462
9996.460000000001 -0.09766860533295638 0.9952189857757753
9996.47 -0.08771169795545819 0.9961458950163897
9996.48 -0.0777460194812589 0.996973190497638
9996.49 -0.06777256646990104 0.9977007894906613
9996.5 -0.05779233625837442 0.9983286192361667
9996.51 -0.047806326861383176 0.9988566169517028
9996.52 -0.03781553687154521 0.9992847298379381
9996.53 -0.027820965359533694 0.9996129150839409
9996.54 -0.01782361177417089 0.9998411398714598
9996.550000000001 -0.007824475842484066 0.9999693813782065
9996.56 0.0021754425302663604 0.999997626780137
9996.57 0.012175143360576521 0.9999258732527349
9996.58 0.022173626686696608 0.9997541279712928
9996.59 0.032169892668626215 0.999482408110196
9996.6 0.04216294168809751 0.999110740841204
9996.61 0.052151774448536234 0.998639163330734
9996.62 0.0621353920749905 0.9980677227361442
9996.630000000001 0.07211279621401748 0.9973964762010177
9996.64 0.08208298913351791 0.9966254908494487
9996.65 0.0920449738225085 0.9957548437793299
9996.66 0.10199775409082211 0.9947846220546427
9996.67 0.11194033466872605 0.993714922696751
9996.68 0.12187172130644815 0.9925458526746992
9996.69 0.13179092087360092 0.9912775288945153
9996.7 0.1416969414584938 0.9899100781875203
9996.710000000001 0.15158879246732343 0.9884436372976454
9996.72 0.1614654847232323 0.9868783528677575
9996.73 0.17132603056522552 0.9852143814249952
9996.74 0.18116944394693615 0.9834518893651161
9996.75 0.190994740535229 0.9815910529358574
9996.76 0.20080093780863312 0.9796320582193113
9996.77 0.21058705515559314 0.977575101113317
9996.78 0.22035211397252963 0.9754203873118709
9996.79 0.23009513776169854 0.9731681322845575
9996.800000000001 0.23981515222884028 0.9708185612550025
9996.81 0.2495111853806083 0.9683719091783511
9996.82 0.25918226762176755 0.965828420717772
9996.83 0.26882743185215335 0.9631883502199915
9996.84 0.2784457135633804 0.9604519616898595
9996.85 0.2880361509352929 0.9576195287639484
9996.86 0.2975977849321459 0.9546913346831906
9996.87 0.30712965939850784 0.9516676722645538
9996.880000000001 0.31663082115487545 0.9485488438717603
9996.89 0.32610032009299084 0.9453351613850501
9996.9 0.33553720927085157 0.9420269461699939
9996.91 0.3449405450074041 0.9386245290453563
9996.92 0.35430938697691106 0.9351282502500144
9996.93 0.3636427983029829 0.9315384594089341
9996.94 0.372939845652265 0.9278555154982079
9996.95 0.38219959932777015 0.9240797868091577
9996.960000000001 0.39142113336184736 0.920211650911506
9996.97 0.400603525608778 0.916251494615619
9996.98 0.4097458578369894 0.9121997139338263
9996.99 0.41884721582087764 0.9080567140408192
9997.0 0.42790668943222876 0.9038229092331347
9997.01 0.4369233727312314 0.8994987228877251
9997.02 0.44589636405706967 0.8950845874196217
9997.03 0.45482476611808864 0.8905809442386926
9997.04 0.46370768608152263 0.8859882437055029
9997.050000000001 0.4725442356627778 0.8813069450862785
9997.06 0.48133353121426004 0.8765375165069802
9997.07 0.4900746938137387 0.8716804349064914
9997.08 0.49876684935223825 0.8667361859889245
9997.09 0.5074091286214484 0.861705264175051
9997.1 0.5160006674006442 0.8565881725528597
9997.11 0.5245406065431076 0.8513854228272486
9997.12 0.533028092062041 0.8460975352688546
9997.130000000001 0.5414622752159657 0.8407250386620267
9997.14 0.5498423125935946 0.8352684702519486
9997.15 0.5581673661981736 0.8297283756909141
9997.16 0.56643660353128 0.8241053089837623
9997.17 0.5746491976760715 0.8183998324324782
9997.18 0.5828043273799776 0.812612516579962
9997.19 0.5909011771368239 0.8067439401529763
9997.2 0.5989389372683823 0.8007946900042733
9997.210000000001 0.6069168040053379 0.7947653610539099
9997.22 0.6148339795676652 0.7886565562297567
9997.23 0.6226896722444059 0.7824688864072054
9997.24 0.6304830964728386 0.7762029703480817
9997.25 0.6382134729170353 0.7698594346387699
9997.26 0.6458800285457937 0.7634389136275546
9997.27 0.6534819967099398 0.7569420493611863
9997.28 0.6610186172189921 0.7503694915206774
9997.29 0.6684891364171804 0.743721897356335
9997.300000000001 0.6758928072588105 0.7369999316220356
9997.31 0.683228889382968 0.7302042665087509
9997.32 0.6904966491875539 0.7233355815773291
9997.33 0.6976953599026445 0.7163945636905394
9997.34 0.7048243016631672 0.7093819069443862
9997.35 0.7118827615808869 0.7022983125987
9997.36 0.7188700338156939 0.6951444890070124
9997.37 0.7257854196461876 0.687921151545721
9997.380000000001 0.7326282275395478 0.6806290225425522
9997.39 0.7393977732206877 0.6732688312043296
9997.4 0.7460933797406805 0.6658413135440534
9997.41 0.7527143775444539 0.6583472123072999
9997.42 0.7592601045377453 0.6507872768979476
9997.43 0.76572990615331 0.6431622633032373
9997.44 0.7721231354163783 0.6354729340181744
9997.45 0.7784391530093515 0.6277200579692793
9997.460000000001 0.7846773273357338 0.6199044104376962
9997.47 0.7908370345832911 0.612026772981665
9997.48 0.7969176587864318 0.6040879333583665
9997.49 0.802918591887803 0.5960886854451474
9997.5 0.8088392337990953 0.5880298291601327
9997.51 0.8146789924610515 0.5799121703822351
9997.52 0.8204372839026719 0.5717365208705676
9997.53 0.8261135322996112 0.5635036981832682
9997.54 0.8317071700317598 0.5552145255957448
9997.550000000001 0.837217637740006 0.5468698320183485
9997.56 0.8426443843821712 0.5384704519134829
9997.57 0.8479868672881133 0.5300172252121589
9997.58 0.8532445522139942 0.5215109972300022
9997.59 0.8584169133957026 0.5129526185827223
9997.6 0.8635034336014307 0.504342945101052
9997.61 0.8685036041833967 0.49568283774516453
9997.62 0.8734169251287094 0.48697316251857853
9997.630000000001 0.8782429051093688 0.4782147903815585
9997.64 0.8829810615313983 0.46940859716401945
9997.65 0.8876309205831046 0.46055546347794446
9997.66 0.8921920172824571 0.4516562746293244
9997.67 0.8966638955235872 0.44271192052962804
9997.68 0.9010461081223972 0.43372329560681155
9997.69 0.9053382168612791 0.42469129871587663
9997.7 0.9095397925329359 0.41561683304898556
9997.710000000001 0.9136504149833019 0.4065008060451428
9997.72 0.9176696731535575 0.39734412929945206
9997.73 0.9215971651212351 0.3881477184719571
9997.74 0.9254324981404111 0.3789124931960769
9997.75 0.9291752886809795 0.3696393769866429
9997.76 0.9328251624670054 0.3603292971475483
9997.77 0.9363817545141518 0.3509831846790185
9997.78 0.9398447091661779 0.34160197418451177
9997.79 0.9432136801305043 0.3321866037772598
9997.800000000001 0.9464883305128421 0.322738014986457
9997.81 0.949668332850882 0.3132571526631085
9997.82 0.9527533691470402 0.3037449648855458
9997.83 0.9557431309002581 0.29420240286461974
9997.84 0.9586373191368518 0.2846304208485801
9997.85 0.9614356444404095 0.27502997602765167
9997.86 0.9641378269807329 0.26540202843831606
9997.87 0.9667435965418197 0.25574754086730883
9997.880000000001 0.9692526925488855 0.2460674787553415
9997.89 0.9716648640944202 0.2363628101005584
9997.9 0.9739798699632798 0.22663450536173768
9997.91 0.9761974786568064 0.21688353736124616
9997.92 0.9783174684159788 0.20711088118775794
9997.93 0.9803396272435876 0.19731751409874637
9997.94 0.9822637529254353 0.18750441542275906
9997.95 0.9840896530505573 0.17767256646148588
9997.960000000001 0.9858171450304626 0.16782295039162964
9997.97 0.9874460561173928 0.15795655216658916
9997.98 0.9889762234215966 0.14807435841796482
9997.99 0.9904074939276188 0.13817735735689618
9998.0 0.9917397245096017 0.1282665386752417
9998.01 0.992972781945597 0.1183428934466104
9998.02 0.994106542930889 0.1084074140272553
9998.03 0.9951408940903237 0.09846109395683864
9998.04 0.9960757319896473 0.0885049278590787
9998.050000000001 0.9969109631458488 0.07853991134228833
9998.06 0.9976465040365088 0.06856704089981487
9998.07 0.998282281108151 0.058587313810391735
9998.08 0.9988182307835981 0.04860172803841127
9998.09 0.9992542994683293 0.03861128213412922
9998.1 0.9995904435558395 0.028616975133810497
9998.11 0.999826629432 0.018619806459826412
9998.12 0.99996283347842 0.008620775820713246
9998.130000000001 0.9999990420748084 -0.0013791168887977517
9998.14 0.9999352516003358 -0.011378871687769014
9998.15 0.9997714684339964 -0.02137748860905391
9998.16 0.9995077089539705 -0.031373967799292635
9998.17 0.999143999535986 -0.0413673096188967
9998.18 0.9986803765506819 -0.051356514742012076
9998.19 0.9981168863599702 -0.06134058425645091
9998.2 0.9974535853124005 -0.07131851976358197
9998.210000000001 0.9966905397375246 -0.08128932347816963
9998.22 0.9958278259392643 -0.09125199832815156
9998.23 0.9948655301882805 -0.10120554805434515
9998.24 0.9938037487133463 -0.11114897731007252
9998.25 0.9926425876917244 -0.12108129176069443
9998.26 0.9913821632385492 -0.1310014981830429
9998.27 0.9900226013952158 -0.14090860456474266
9998.28 0.9885640381167755 -0.1508016202034116
9998.29 0.9870066192583407 -0.16067955580573015
9998.300000000001 0.9853505005604991 -0.17054142358636987
9998.31 0.9835958476337406 -0.18038623736677104
9998.32 0.9817428359418957 -0.19021301267375976
9998.33 0.9797916507845893 -0.20002076683799447
9998.34 0.9777424872787112 -0.20980851909223197
9998.35 0.9755955503389041 -0.21957529066940348
9998.36 0.9733510546570731 -0.22932010490049037
9998.37 0.9710092246809158 -0.23904198731219034
9998.380000000001 0.9685702945914783 -0.24873996572436394
9998.39 0.9660345082797369 -0.25841307034725175
9998.4 0.9634021193222099 -0.26806033387845246
9998.41 0.9606733909555991 -0.27768079159965253
9998.42 0.9578485960504673 -0.28727348147309706
9998.43 0.954928017083951 -0.2968374442377927
9998.44 0.951911946111513 -0.30637172350543307
9998.45 0.9488006847377369 -0.3158753658560368
9998.460000000001 0.9455945440861676 -0.32534742093328867
9998.47 0.9422938447681983 -0.33478694153957445
9998.48 0.9388989168510102 -0.3441929837306999
9998.49 0.9354100998245659 -0.3535646069102844
9998.5 0.9318277425676605 -0.3629008739238198
9998.51 0.9281522033130345 -0.37220085115238516
9998.52 0.9243838496115503 -0.3814636086060077
9998.53 0.9205230582954377 -0.39068822001666115
9998.54 0.9165702154406109 -0.3998737629308917
9998.550000000001 0.9125257163280613 -0.40901931880206277
9998.56 0.9083899654043298 -0.4181239730822086
9998.57 0.9041633762410621 -0.42718681531348857
9998.58 0.8998463714936525 -0.436206939219232
9998.59 0.8954393828589781 -0.4451834427945652
9998.6 0.8909428510322297 -0.4541154283966112
9998.61 0.8863572256628429 -0.46300200283425325
9998.62 0.8816829653095333 -0.47184227745745316
9998.630000000001 0.8769205373944408 -0.4806353682461157
9998.64 0.8720704181563882 -0.48938039589848964
9998.65 0.8671330926032574 -0.4980764859190974
9998.66 0.8621090544634894 -0.5067227687061838
9998.67 0.8569988061367113 -0.5153183796386754
9998.68 0.8518028586434971 -0.5238624591626423
9998.69 0.8465217315742662 -0.5323541528772521
9998.7 0.8411559530373246 -0.5407926116202099
9998.710000000001 0.8357060596060543 -0.5491769915526735
9998.72 0.8301725962652566 -0.5575064542436369
9998.73 0.8245561163566546 -0.5657801667537722
9998.74 0.8188571815235586 -0.5739973017187234
9998.75 0.8130763616547027 -0.5821570374318417
9998.76 0.8072142348272562 -0.5902585579263556
9998.77 0.8012713872490168 -0.5983010530569671
9998.78 0.7952484131997899 -0.6062837185808654
9998.79 0.7891459149719612 -0.6142057562381502
9998.800000000001 0.782964502810268 -0.6220663738316579
9998.81 0.776704794850775 -0.6298647853061795
9998.82 0.7703674170590619 -0.6376002108270664
9998.83 0.7639530031676265 -0.645271876858213
9998.84 0.7574621946125125 -0.652879016239409
9998.85 0.7508956404691665 -0.660420868263056
9998.86 0.7442539973875303 -0.6678966787502365
9998.87 0.7375379295263775 -0.6753057001261317
9998.880000000001 0.7307481084868974 -0.6826471914947783
9998.89 0.7238852132455356 -0.6899204187131575
9998.9 0.716949930086097 -0.6971246544646085
9998.91 0.7099429525311182 -0.7042591783315598
9998.92 0.7028649812725153 -0.7113232768675704
9998.93 0.6957167241015159 -0.7183162436686733
9998.94 0.6884988958378799 -0.7252373794440161
9998.95 0.681212218258419 -0.732085992085789
9998.960000000001 0.6738574200248186 -0.738861396738435
9998.97 0.6664352366107731 -0.7455629158671352
9998.98 0.6589464102284385 -0.7521898793255614
9998.99 0.6513916897542124 -0.7587416244228902
9999.0 0.6437718306538464 -0.7652174959900718
9999.01 0.6360875949069006 -0.7716168464453463
9999.02 0.6283397509305461 -0.7779390358590009
9999.03 0.6205290735027237 -0.7841834320173628
9999.04 0.6126563436846674 -0.79034941048602
9999.050000000001 0.6047223487427982 -0.796436354672264
9999.06 0.5967278820699985 -0.8024436558867487
9999.07 0.5886737431062734 -0.8083707134043588
9999.08 0.5805607372588074 -0.814216934524282
9999.09 0.5723896758214244 -0.819981734629278
9999.1 0.5641613758934587 -0.8256645372441406
9999.11 0.555876660298046 -0.8312647740933439
9999.12 0.547536357499842 -0.8367818851578699
9999.130000000001 0.539141301522176 -0.8422153187312099
9999.14 0.5306923318636497 -0.8475645314745346
9999.15 0.5221902934141882 -0.8528289884710273
9999.16 0.5136360363705512 -0.8580081632793755
9999.17 0.5050304161513145 -0.8631015379864143
9999.18 0.4963742933113285 -0.8681086032589177
9999.19 0.4876685334556636 -0.873028858394531
9999.2 0.47891400715305044 -0.877861811371841
9999.210000000001 0.4701115898488238 -0.8826069788995775
9999.22 0.46126216177737855 -0.887263886464942
9999.23 0.45236660787414723 -0.8918320683810589
9999.24 0.4434258176871071 -0.8963110678335433
9999.25 0.43444068528782603 -0.9007004369261827
9999.26 0.42541210918205624 -0.9049997367257256
9999.27 0.4163409922198844 -0.909208537305775
9999.28 0.4072282415054473 -0.9133264177897801
9999.29 0.3980747683062223 -0.9173529663931241
9999.300000000001 0.3888814879619013 -0.9212877804643024
9999.31 0.37964931979285754 -0.9251304665251867
9999.32 0.3703791870082143 -0.9288806403103734
9999.33 0.3610720166135249 -0.9325379268056091
9999.34 0.3517287393180726 -0.9361019602852921
9999.35 0.3423502894418008 -0.9395723843490446
9999.36 0.3329376048218816 -0.942948851957352
9999.37 0.323491626718933 -0.9462310254662675
9999.380000000001 0.3140132997228935 -0.9494185766611754
9999.39 0.3045035716585639 -0.9525111867896123
9999.4 0.2949633934908258 -0.9555085465931429
9999.41 0.28539371922954565 -0.9584103563382844
9999.42 0.2757955058341748 -0.9612163258464808
9999.43 0.26616971311805404 -0.9639261745231194
9999.44 0.2565173036524334 -0.9665396313855907
9999.45 0.24683924267021565 -0.9690564350903867
9999.460000000001 0.2371364979694338 -0.9714763339592342
9999.47 0.2274100398164722 -0.9737990860042627
9999.48 0.2176608408490406 -0.9760244589522035
9999.49 0.2078898759789113 -0.9781522302676163
9999.5 0.19809812229442866 -0.9801821871751428
9999.51 0.18828655896280125 -0.9821141266807839
9999.52 0.1784561671321858 -0.9839478555921989
9999.53 0.1686079298335732 -0.9856831905380249
9999.54 0.15874283188248633 -0.9873199579862134
9999.550000000001 0.14886185978049926 -0.9888579942613837
9999.56 0.1389660016165879 -0.9902971455611898
9999.57 0.12905624696832194 -0.9916372679717012
9999.58 0.11913358680290795 -0.9928782274817934
9999.59 0.10919901337809344 -0.9940198999965499
9999.6 0.09925352014294196 -0.9950621713496705
9999.61 0.08929810163848897 -0.9960049373148883
9999.62 0.0793337533982886 -0.9968481036163925
9999.630000000001 0.0693614718488611 -0.9975915859382557
9999.64 0.059382254210051034 -0.9982353099328652
9999.65 0.04939709839530614 -0.9987792112283581
9999.66 0.03940700291188679 -0.999223235435058
9999.67 0.029412966761016106 -0.9995673381509143
9999.68 0.019415989337980676 -0.9998114849659422
9999.69 0.009417070332191845 -0.9999556514656636
9999.7 -0.0005827903727823754 -0.9999998232335486
9999.710000000001 -0.010582592799204846 -0.9999439958524574
9999.72 -0.02058133697516623 -0.9997881749050815
9999.73 -0.03057802303458136 -0.9995323759733858
9999.74 -0.040571651317175 -0.9991766246370504
9999.75 -0.05056122246844706 -0.9987209564709123
9999.76 -0.060545737539607195 -0.9981654170414084
9999.77 -0.07052419808746885 -0.9975100619020187
9999.78 -0.08049560627429277 -0.9967549565877112
9999.79 -0.0904589649675699 -0.9959001766083878
9999.800000000001 -0.10041327783973387 -0.9949458074413342
9999.81 -0.11035754946779286 -0.9938919445226718
9999.82 -0.12029078543287108 -0.9927386932378143
9999.83 -0.13021199241964987 -0.991486168910929
9999.84 -0.14012017831569837 -0.9901344967934049
9999.85 -0.1500143523106839 -0.9886838120513274
9999.86 -0.15989352499545229 -0.9871342597519616
9999.87 -0.1697567084609678 -0.9854859948492463
9999.880000000001 -0.17960291639710338 -0.983739182168298
9999.89 -0.18943116419127068 -0.9818939963889293
9999.9 -0.19924046902688067 -0.9799506220281803
9999.91 -0.20902984998162433 -0.9779092534218676
9999.92 -0.21879832812556413 -0.9757700947051509
9999.93 -0.2285449266190262 -0.9735333597921189
9999.94 -0.23826867081028352 -0.971199272354399
9999.95 -0.2479685883330202 -0.9687680657987899
9999.960000000001 -0.2576437092035674 -0.9662399832439212
9999.97 -0.26729306591790075 -0.9636152774959416
9999.98 -0.27691569354839013 -0.9608942110232385
9999.99 -0.28651062984029146 -0.9580770559301915
10000.0 -0.2960769153079715 -0.9551640939299625
